<?xml version="1.0" encoding="UTF-8"?>
<!-- Generated by org.testng.reporters.JUnitReportReporter -->
<testsuite skipped="0" hostname="ASDP1744PO02529" name="Advanced_Course.Advance" tests="5" failures="0" timestamp="27 Jul 2017 11:41:49 GMT" time="10.540" errors="0">
  <testcase name="Advance_cource_move_further" time="6.708" classname="Advanced_Course.Advance"/>
  <testcase name="tatoc_database_connection_for_Name_and_PassKey" time="1.015" classname="Advanced_Course.Advance"/>
  <testcase name="rest_service_to_generate_token" time="2.009" classname="Advanced_Course.Advance"/>
  <testcase name="File_handle_dat_file_download" time="0.184" classname="Advanced_Course.Advance"/>
  <testcase name="File_handle_signature_submitted" time="0.624" classname="Advanced_Course.Advance"/>
</testsuite> <!-- Advanced_Course.Advance -->
