<?xml version="1.0" encoding="UTF-8"?>
<!-- Generated by org.testng.reporters.JUnitReportReporter -->
<testsuite skipped="0" hostname="ASDP1744PO02529" name="Basic.Basic_automation" tests="6" failures="0" timestamp="27 Jul 2017 11:41:49 GMT" time="108.711" errors="0">
  <testcase name="Basic_test" time="1.093" classname="Basic.Basic_automation"/>
  <testcase name="Grid_gate_click_redbox_test" time="0.229" classname="Basic.Basic_automation"/>
  <testcase name="Grid_gate_click_greenbox_test" time="0.379" classname="Basic.Basic_automation"/>
  <testcase name="Grid_gate_click_greenbox_frame_dungeon" time="102.634" classname="Basic.Basic_automation"/>
  <testcase name="tatoc_basic_drag" time="0.280" classname="Basic.Basic_automation"/>
  <testcase name="tatoc_basic_windows" time="4.096" classname="Basic.Basic_automation"/>
</testsuite> <!-- Basic.Basic_automation -->
